#
# A fatal error has been detected by the Java Runtime Environment:
#
#  EXCEPTION_ACCESS_VIOLATION (0xc0000005) at pc=0x000000006aafc386, pid=7584, tid=0x00000000000017b8
#
# JRE version: Java(TM) SE Runtime Environment (8.0_251-b08) (build 1.8.0_251-b08)
# Java VM: Java HotSpot(TM) 64-Bit Server VM (25.251-b08 mixed mode windows-amd64 compressed oops)
# Problematic frame:
# V  [jvm.dll+0x13c386]
#
# Failed to write core dump. Minidumps are not enabled by default on client versions of Windows
#
# If you would like to submit a bug report, please visit:
#   http://bugreport.java.com/bugreport/crash.jsp
#

---------------  T H R E A D  ---------------

Current thread (0x0000000024a8f000):  JavaThread "restartedMain" [_thread_in_vm, id=6072, stack(0x000000001bb70000,0x000000001bc70000)]

siginfo: ExceptionCode=0xc0000005, reading address 0xffffffffffffffff

Registers:
RAX=0x0000000027fb9268, RBX=0x000000001bc6dfd0, RCX=0x200001000000000b, RDX=0x000000001bc6dfd0
RSP=0x000000001bc6df50, RBP=0x000000002313c5c8, RSI=0x2000010000000013, RDI=0x000000002313c1e0
R8 =0x0000000081638430, R9 =0x0000000000000006, R10=0x0000000000000000, R11=0x000000001bc6df50
R12=0x0000000024a8f000, R13=0x00000000000003d8, R14=0x0000000100aa2878, R15=0x0000000000000000
RIP=0x000000006aafc386, EFLAGS=0x0000000000010206

Top of Stack: (sp=0x000000001bc6df50)
0x000000001bc6df50:   0000000100aa2878 00000000000003d8
0x000000001bc6df60:   0000000024a8f000 000000002313c1e0
0x000000001bc6df70:   000000002313c1e0 000000006aa381c6
0x000000001bc6df80:   0000000023782760 000000002313c220
0x000000001bc6df90:   000000002313c5c8 000000006aacfa3c
0x000000001bc6dfa0:   0000000100aa2878 0000000027fb95d8
0x000000001bc6dfb0:   0000000023782760 0000000024a8f000
0x000000001bc6dfc0:   0000000000000000 000000006aa31ad1
0x000000001bc6dfd0:   000000001b418790 000000001b418790
0x000000001bc6dfe0:   000000002313c1e0 0000000024a8f000
0x000000001bc6dff0:   00000000000003d8 000000002313c1f0
0x000000001bc6e000:   000000002313c5c8 000000000000000d
0x000000001bc6e010:   0000000024a8f000 0000000000000000
0x000000001bc6e020:   0000000000000006 0000000000000000
0x000000001bc6e030:   000000000000000e 000000001bc6e140
0x000000001bc6e040:   0000000000000000 000000006aa32162 

Instructions: (pc=0x000000006aafc386)
0x000000006aafc366:   c7 48 83 c4 20 5f c3 cc cc cc 48 89 5c 24 08 48
0x000000006aafc376:   89 74 24 10 57 48 83 ec 20 48 8d 71 08 48 8b da
0x000000006aafc386:   0f b7 11 48 8b ce e8 df 30 14 00 33 d2 48 63 c8
0x000000006aafc396:   89 03 48 03 c9 e8 10 19 fb ff 44 8b 03 48 8b f8 


Register to memory mapping:

RAX=0x0000000027fb9268 is pointing into metadata
RBX=0x000000001bc6dfd0 is pointing into the stack for thread: 0x0000000024a8f000
RCX=0x200001000000000b is an unknown value
RDX=0x000000001bc6dfd0 is pointing into the stack for thread: 0x0000000024a8f000
RSP=0x000000001bc6df50 is pointing into the stack for thread: 0x0000000024a8f000
RBP=0x000000002313c5c8 is an unknown value
RSI=0x2000010000000013 is an unknown value
RDI=0x000000002313c1e0 is an unknown value
R8 =0x0000000081638430 is an oop
[C 
 - klass: {type array char}
 - length: 6
R9 =0x0000000000000006 is an unknown value
R10=0x0000000000000000 is an unknown value
R11=0x000000001bc6df50 is pointing into the stack for thread: 0x0000000024a8f000
R12=0x0000000024a8f000 is a thread
R13=0x00000000000003d8 is an unknown value
R14=0x0000000100aa2878 is pointing into metadata
R15=0x0000000000000000 is an unknown value


Stack: [0x000000001bb70000,0x000000001bc70000],  sp=0x000000001bc6df50,  free space=1015k
Native frames: (J=compiled Java code, j=interpreted, Vv=VM code, C=native code)
V  [jvm.dll+0x13c386]
V  [jvm.dll+0x781c6]
V  [jvm.dll+0x71ad1]
V  [jvm.dll+0x72162]
V  [jvm.dll+0x17d799]
C  0x0000000002e6c93d

Java frames: (J=compiled Java code, j=interpreted, Vv=VM code)
J 3853  java.lang.Throwable.getStackTraceElement(I)Ljava/lang/StackTraceElement; (0 bytes) @ 0x0000000002e6c8bb [0x0000000002e6c880+0x3b]
j  java.lang.Throwable.getOurStackTrace()[Ljava/lang/StackTraceElement;+51
j  java.lang.Throwable.getStackTrace()[Ljava/lang/StackTraceElement;+1
j  ch.qos.logback.classic.spi.ThrowableProxy.<init>(Ljava/lang/Throwable;)V+42
j  ch.qos.logback.classic.spi.ThrowableProxy.<init>(Ljava/lang/Throwable;)V+66
j  ch.qos.logback.classic.spi.ThrowableProxy.<init>(Ljava/lang/Throwable;)V+66
J 11156 C1 ch.qos.logback.classic.spi.LoggingEvent.<init>(Ljava/lang/String;Lch/qos/logback/classic/Logger;Lch/qos/logback/classic/Level;Ljava/lang/String;Ljava/lang/Throwable;[Ljava/lang/Object;)V (113 bytes) @ 0x0000000004ec4f3c [0x0000000004ec49e0+0x55c]
J 10616 C1 ch.qos.logback.classic.Logger.buildLoggingEventAndAppend(Ljava/lang/String;Lorg/slf4j/Marker;Lch/qos/logback/classic/Level;Ljava/lang/String;[Ljava/lang/Object;Ljava/lang/Throwable;)V (31 bytes) @ 0x0000000003847eac [0x0000000003847d80+0x12c]
J 8421 C2 ch.qos.logback.classic.Logger.filterAndLog_0_Or3Plus(Ljava/lang/String;Lorg/slf4j/Marker;Lch/qos/logback/classic/Level;Ljava/lang/String;[Ljava/lang/Object;Ljava/lang/Throwable;)V (61 bytes) @ 0x0000000004646c78 [0x0000000004646a80+0x1f8]
J 3626 C1 ch.qos.logback.classic.Logger.log(Lorg/slf4j/Marker;Ljava/lang/String;ILjava/lang/String;[Ljava/lang/Object;Ljava/lang/Throwable;)V (21 bytes) @ 0x00000000039ab6bc [0x00000000039ab600+0xbc]
j  org.apache.commons.logging.LogAdapter$Slf4jLocationAwareLog.error(Ljava/lang/Object;Ljava/lang/Throwable;)V+41
j  org.springframework.boot.SpringApplication.reportFailure(Ljava/util/Collection;Ljava/lang/Throwable;)V+69
j  org.springframework.boot.SpringApplication.handleRunFailure(Lorg/springframework/context/ConfigurableApplicationContext;Ljava/lang/Throwable;Ljava/util/Collection;Lorg/springframework/boot/SpringApplicationRunListeners;)V+21
j  org.springframework.boot.SpringApplication.run([Ljava/lang/String;)Lorg/springframework/context/ConfigurableApplicationContext;+184
j  org.springframework.boot.SpringApplication.run([Ljava/lang/Class;[Ljava/lang/String;)Lorg/springframework/context/ConfigurableApplicationContext;+9
j  org.springframework.boot.SpringApplication.run(Ljava/lang/Class;[Ljava/lang/String;)Lorg/springframework/context/ConfigurableApplicationContext;+9
j  com.tranphucvinh.LifeStoriesApplication.main([Ljava/lang/String;)V+3
v  ~StubRoutines::call_stub
J 2327  sun.reflect.NativeMethodAccessorImpl.invoke0(Ljava/lang/reflect/Method;Ljava/lang/Object;[Ljava/lang/Object;)Ljava/lang/Object; (0 bytes) @ 0x000000000352543f [0x00000000035253c0+0x7f]
J 8075 C1 sun.reflect.NativeMethodAccessorImpl.invoke(Ljava/lang/Object;[Ljava/lang/Object;)Ljava/lang/Object; (104 bytes) @ 0x00000000031efd44 [0x00000000031eeb80+0x11c4]
J 8096 C2 java.lang.reflect.Method.invoke(Ljava/lang/Object;[Ljava/lang/Object;)Ljava/lang/Object; (62 bytes) @ 0x0000000003948898 [0x00000000039487e0+0xb8]
j  org.springframework.boot.devtools.restart.RestartLauncher.run()V+42
v  ~StubRoutines::call_stub

---------------  P R O C E S S  ---------------

Java Threads: ( => current thread )
  0x000000001c9c2000 JavaThread "Catalina-utility-2" [_thread_blocked, id=996, stack(0x0000000022df0000,0x0000000022ef0000)]
  0x000000001c9c3000 JavaThread "Catalina-utility-1" [_thread_blocked, id=8640, stack(0x000000001e5d0000,0x000000001e6d0000)]
=>0x0000000024a8f000 JavaThread "restartedMain" [_thread_in_vm, id=6072, stack(0x000000001bb70000,0x000000001bc70000)]
  0x0000000024a87800 JavaThread "File Watcher" daemon [_thread_blocked, id=7640, stack(0x000000001b970000,0x000000001ba70000)]
  0x0000000024a8c000 JavaThread "Thread-890" [_thread_blocked, id=32, stack(0x000000001ba70000,0x000000001bb70000)]
  0x0000000024a8b000 JavaThread "File Watcher" daemon [_thread_blocked, id=2240, stack(0x0000000000df0000,0x0000000000ef0000)]
  0x0000000024a92800 JavaThread "DestroyJavaVM" [_thread_blocked, id=10144, stack(0x0000000002850000,0x0000000002950000)]
  0x0000000023b17000 JavaThread "Live Reload Server" daemon [_thread_in_native, id=6876, stack(0x00000000241a0000,0x00000000242a0000)]
  0x0000000023b15800 JavaThread "mysql-cj-abandoned-connection-cleanup" daemon [_thread_blocked, id=1780, stack(0x000000001ebc0000,0x000000001ecc0000)]
  0x0000000019aa6000 JavaThread "Service Thread" daemon [_thread_blocked, id=9804, stack(0x000000001a360000,0x000000001a460000)]
  0x0000000019a24800 JavaThread "C1 CompilerThread2" daemon [_thread_blocked, id=12508, stack(0x000000001a260000,0x000000001a360000)]
  0x0000000019a1c000 JavaThread "C2 CompilerThread1" daemon [_thread_blocked, id=11184, stack(0x000000001a160000,0x000000001a260000)]
  0x0000000019a14000 JavaThread "C2 CompilerThread0" daemon [_thread_blocked, id=10968, stack(0x000000001a060000,0x000000001a160000)]
  0x00000000177d2000 JavaThread "JDWP Command Reader" daemon [_thread_blocked, id=3376, stack(0x0000000019360000,0x0000000019460000)]
  0x00000000177d1000 JavaThread "JDWP Event Helper Thread" daemon [_thread_blocked, id=6728, stack(0x0000000019260000,0x0000000019360000)]
  0x00000000177c2800 JavaThread "JDWP Transport Listener: dt_socket" daemon [_thread_blocked, id=2588, stack(0x0000000019160000,0x0000000019260000)]
  0x00000000177b8800 JavaThread "Attach Listener" daemon [_thread_blocked, id=1092, stack(0x0000000018d20000,0x0000000018e20000)]
  0x00000000177b7800 JavaThread "Signal Dispatcher" daemon [_thread_blocked, id=10460, stack(0x0000000018c20000,0x0000000018d20000)]
  0x000000001779f800 JavaThread "Finalizer" daemon [_thread_blocked, id=1332, stack(0x0000000018a20000,0x0000000018b20000)]
  0x0000000017778800 JavaThread "Reference Handler" daemon [_thread_blocked, id=4348, stack(0x0000000018920000,0x0000000018a20000)]

Other Threads:
  0x0000000017777800 VMThread [stack: 0x0000000018820000,0x0000000018920000] [id=6332]
  0x0000000019af3800 WatcherThread [stack: 0x000000001a460000,0x000000001a560000] [id=7244]

VM state:synchronizing (normal execution)

VM Mutex/Monitor currently owned by a thread:  ([mutex/lock_event])
[0x0000000002a55770] Threads_lock - owner thread: 0x0000000017777800

heap address: 0x0000000081600000, size: 2026 MB, Compressed Oops mode: 32-bit
Narrow klass base: 0x0000000000000000, Narrow klass shift: 3
Compressed class space size: 1073741824 Address: 0x0000000100000000

Heap:
 PSYoungGen      total 605696K, used 228550K [0x00000000d5d00000, 0x00000000ff000000, 0x0000000100000000)
  eden space 602624K, 37% used [0x00000000d5d00000,0x00000000e39373e8,0x00000000fa980000)
  from space 3072K, 99% used [0x00000000fed00000,0x00000000feffa5d0,0x00000000ff000000)
  to   space 15872K, 0% used [0x00000000fd100000,0x00000000fd100000,0x00000000fe080000)
 ParOldGen       total 114176K, used 47851K [0x0000000081600000, 0x0000000088580000, 0x00000000d5d00000)
  object space 114176K, 41% used [0x0000000081600000,0x00000000844baf38,0x0000000088580000)
 Metaspace       used 79353K, capacity 83670K, committed 83928K, reserved 1122304K
  class space    used 10181K, capacity 10965K, committed 11008K, reserved 1048576K

Card table byte_map: [0x0000000012010000,0x0000000012410000] byte_map_base: 0x0000000011c05000

Marking Bits: (ParMarkBitMap*) 0x000000006b1eaf90
 Begin Bits: [0x0000000012ac0000, 0x0000000014a68000)
 End Bits:   [0x0000000014a68000, 0x0000000016a10000)

Polling page: 0x00000000027f0000

CodeCache: size=245760Kb used=36475Kb max_used=36487Kb free=209284Kb
 bounds [0x0000000002c50000, 0x0000000005020000, 0x0000000011c50000]
 total_blobs=9977 nmethods=9154 adapters=742
 compilation: enabled

Compilation events (10 events):
Event: 681.424 Thread 0x0000000019a24800 11472       1       org.apache.catalina.core.StandardWrapper::getServlet (5 bytes)
Event: 681.424 Thread 0x0000000019a24800 nmethod 11472 0x0000000004ff5190 code [0x0000000004ff52e0, 0x0000000004ff53f0]
Event: 684.018 Thread 0x0000000019a24800 11473       3       java.util.ServiceLoader$LazyIterator::<init> (35 bytes)
Event: 684.018 Thread 0x0000000019a24800 nmethod 11473 0x0000000004ff4d50 code [0x0000000004ff4ea0, 0x0000000004ff50d0]
Event: 684.019 Thread 0x0000000019a24800 11475       3       org.apache.tomcat.util.collections.ManagedConcurrentWeakHashMap::get (21 bytes)
Event: 684.020 Thread 0x0000000019a24800 nmethod 11475 0x0000000004ff4010 code [0x0000000004ff41c0, 0x0000000004ff46e8]
Event: 684.020 Thread 0x0000000019a24800 11476       3       org.apache.tomcat.util.collections.ManagedConcurrentWeakHashMap::createLookupKey (10 bytes)
Event: 684.020 Thread 0x0000000019a24800 nmethod 11476 0x00000000036f3790 code [0x00000000036f3920, 0x00000000036f3da8]
Event: 684.024 Thread 0x0000000019a24800 11477   !   3       org.springframework.context.event.AbstractApplicationEventMulticaster::addApplicationListener (69 bytes)
Event: 684.024 Thread 0x0000000019a24800 nmethod 11477 0x0000000004ff2c10 code [0x0000000004ff2e00, 0x0000000004ff3ab8]

GC Heap History (10 events):
Event: 546.354 GC heap before
{Heap before GC invocations=37 (full 7):
 PSYoungGen      total 663552K, used 655360K [0x00000000d5d00000, 0x00000000ffd00000, 0x0000000100000000)
  eden space 655360K, 100% used [0x00000000d5d00000,0x00000000fdd00000,0x00000000fdd00000)
  from space 8192K, 0% used [0x00000000fdd00000,0x00000000fdd00000,0x00000000fe500000)
  to   space 16384K, 0% used [0x00000000fed00000,0x00000000fed00000,0x00000000ffd00000)
 ParOldGen       total 114176K, used 39459K [0x0000000081600000, 0x0000000088580000, 0x00000000d5d00000)
  object space 114176K, 34% used [0x0000000081600000,0x0000000083c88f08,0x0000000088580000)
 Metaspace       used 78669K, capacity 82902K, committed 83160K, reserved 1122304K
  class space    used 10113K, capacity 10883K, committed 11008K, reserved 1048576K
Event: 546.361 GC heap after
Heap after GC invocations=37 (full 7):
 PSYoungGen      total 672256K, used 7917K [0x00000000d5d00000, 0x0000000100000000, 0x0000000100000000)
  eden space 655872K, 0% used [0x00000000d5d00000,0x00000000d5d00000,0x00000000fdd80000)
  from space 16384K, 48% used [0x00000000fed00000,0x00000000ff4bb718,0x00000000ffd00000)
  to   space 15872K, 0% used [0x00000000fdd80000,0x00000000fdd80000,0x00000000fed00000)
 ParOldGen       total 114176K, used 39467K [0x0000000081600000, 0x0000000088580000, 0x00000000d5d00000)
  object space 114176K, 34% used [0x0000000081600000,0x0000000083c8af08,0x0000000088580000)
 Metaspace       used 78669K, capacity 82902K, committed 83160K, reserved 1122304K
  class space    used 10113K, capacity 10883K, committed 11008K, reserved 1048576K
}
Event: 560.907 GC heap before
{Heap before GC invocations=38 (full 7):
 PSYoungGen      total 672256K, used 663789K [0x00000000d5d00000, 0x0000000100000000, 0x0000000100000000)
  eden space 655872K, 100% used [0x00000000d5d00000,0x00000000fdd80000,0x00000000fdd80000)
  from space 16384K, 48% used [0x00000000fed00000,0x00000000ff4bb718,0x00000000ffd00000)
  to   space 15872K, 0% used [0x00000000fdd80000,0x00000000fdd80000,0x00000000fed00000)
 ParOldGen       total 114176K, used 39467K [0x0000000081600000, 0x0000000088580000, 0x00000000d5d00000)
  object space 114176K, 34% used [0x0000000081600000,0x0000000083c8af08,0x0000000088580000)
 Metaspace       used 79110K, capacity 83384K, committed 83672K, reserved 1122304K
  class space    used 10165K, capacity 10959K, committed 11008K, reserved 1048576K
Event: 560.916 GC heap after
Heap after GC invocations=38 (full 7):
 PSYoungGen      total 671744K, used 9021K [0x00000000d5d00000, 0x00000000ffe80000, 0x0000000100000000)
  eden space 655872K, 0% used [0x00000000d5d00000,0x00000000d5d00000,0x00000000fdd80000)
  from space 15872K, 56% used [0x00000000fdd80000,0x00000000fe64f468,0x00000000fed00000)
  to   space 15360K, 0% used [0x00000000fef80000,0x00000000fef80000,0x00000000ffe80000)
 ParOldGen       total 114176K, used 39467K [0x0000000081600000, 0x0000000088580000, 0x00000000d5d00000)
  object space 114176K, 34% used [0x0000000081600000,0x0000000083c8af08,0x0000000088580000)
 Metaspace       used 79110K, capacity 83384K, committed 83672K, reserved 1122304K
  class space    used 10165K, capacity 10959K, committed 11008K, reserved 1048576K
}
Event: 596.162 GC heap before
{Heap before GC invocations=39 (full 7):
 PSYoungGen      total 671744K, used 664893K [0x00000000d5d00000, 0x00000000ffe80000, 0x0000000100000000)
  eden space 655872K, 100% used [0x00000000d5d00000,0x00000000fdd80000,0x00000000fdd80000)
  from space 15872K, 56% used [0x00000000fdd80000,0x00000000fe64f468,0x00000000fed00000)
  to   space 15360K, 0% used [0x00000000fef80000,0x00000000fef80000,0x00000000ffe80000)
 ParOldGen       total 114176K, used 39467K [0x0000000081600000, 0x0000000088580000, 0x00000000d5d00000)
  object space 114176K, 34% used [0x0000000081600000,0x0000000083c8af08,0x0000000088580000)
 Metaspace       used 79347K, capacity 83664K, committed 83928K, reserved 1122304K
  class space    used 10180K, capacity 10963K, committed 11008K, reserved 1048576K
Event: 596.168 GC heap after
Heap after GC invocations=39 (full 7):
 PSYoungGen      total 674816K, used 9772K [0x00000000d5d00000, 0x00000000ffe80000, 0x0000000100000000)
  eden space 659456K, 0% used [0x00000000d5d00000,0x00000000d5d00000,0x00000000fe100000)
  from space 15360K, 63% used [0x00000000fef80000,0x00000000ff90b3a0,0x00000000ffe80000)
  to   space 14848K, 0% used [0x00000000fe100000,0x00000000fe100000,0x00000000fef80000)
 ParOldGen       total 114176K, used 39475K [0x0000000081600000, 0x0000000088580000, 0x00000000d5d00000)
  object space 114176K, 34% used [0x0000000081600000,0x0000000083c8cf08,0x0000000088580000)
 Metaspace       used 79347K, capacity 83664K, committed 83928K, reserved 1122304K
  class space    used 10180K, capacity 10963K, committed 11008K, reserved 1048576K
}
Event: 634.585 GC heap before
{Heap before GC invocations=40 (full 7):
 PSYoungGen      total 674816K, used 669228K [0x00000000d5d00000, 0x00000000ffe80000, 0x0000000100000000)
  eden space 659456K, 100% used [0x00000000d5d00000,0x00000000fe100000,0x00000000fe100000)
  from space 15360K, 63% used [0x00000000fef80000,0x00000000ff90b3a0,0x00000000ffe80000)
  to   space 14848K, 0% used [0x00000000fe100000,0x00000000fe100000,0x00000000fef80000)
 ParOldGen       total 114176K, used 39475K [0x0000000081600000, 0x0000000088580000, 0x00000000d5d00000)
  object space 114176K, 34% used [0x0000000081600000,0x0000000083c8cf08,0x0000000088580000)
 Metaspace       used 79347K, capacity 83664K, committed 83928K, reserved 1122304K
  class space    used 10180K, capacity 10963K, committed 11008K, reserved 1048576K
Event: 634.592 GC heap after
Heap after GC invocations=40 (full 7):
 PSYoungGen      total 642560K, used 11977K [0x00000000d5d00000, 0x00000000ff000000, 0x0000000100000000)
  eden space 630272K, 0% used [0x00000000d5d00000,0x00000000d5d00000,0x00000000fc480000)
  from space 12288K, 97% used [0x00000000fe100000,0x00000000fecb2610,0x00000000fed00000)
  to   space 3072K, 0% used [0x00000000fed00000,0x00000000fed00000,0x00000000ff000000)
 ParOldGen       total 114176K, used 39475K [0x0000000081600000, 0x0000000088580000, 0x00000000d5d00000)
  object space 114176K, 34% used [0x0000000081600000,0x0000000083c8cf08,0x0000000088580000)
 Metaspace       used 79347K, capacity 83664K, committed 83928K, reserved 1122304K
  class space    used 10180K, capacity 10963K, committed 11008K, reserved 1048576K
}
Event: 671.046 GC heap before
{Heap before GC invocations=41 (full 7):
 PSYoungGen      total 642560K, used 642249K [0x00000000d5d00000, 0x00000000ff000000, 0x0000000100000000)
  eden space 630272K, 100% used [0x00000000d5d00000,0x00000000fc480000,0x00000000fc480000)
  from space 12288K, 97% used [0x00000000fe100000,0x00000000fecb2610,0x00000000fed00000)
  to   space 3072K, 0% used [0x00000000fed00000,0x00000000fed00000,0x00000000ff000000)
 ParOldGen       total 114176K, used 39475K [0x0000000081600000, 0x0000000088580000, 0x00000000d5d00000)
  object space 114176K, 34% used [0x0000000081600000,0x0000000083c8cf08,0x0000000088580000)
 Metaspace       used 79347K, capacity 83664K, committed 83928K, reserved 1122304K
  class space    used 10180K, capacity 10963K, committed 11008K, reserved 1048576K
Event: 671.053 GC heap after
Heap after GC invocations=41 (full 7):
 PSYoungGen      total 605696K, used 3049K [0x00000000d5d00000, 0x00000000ff000000, 0x0000000100000000)
  eden space 602624K, 0% used [0x00000000d5d00000,0x00000000d5d00000,0x00000000fa980000)
  from space 3072K, 99% used [0x00000000fed00000,0x00000000feffa5d0,0x00000000ff000000)
  to   space 15872K, 0% used [0x00000000fd100000,0x00000000fd100000,0x00000000fe080000)
 ParOldGen       total 114176K, used 47851K [0x0000000081600000, 0x0000000088580000, 0x00000000d5d00000)
  object space 114176K, 41% used [0x0000000081600000,0x00000000844baf38,0x0000000088580000)
 Metaspace       used 79347K, capacity 83664K, committed 83928K, reserved 1122304K
  class space    used 10180K, capacity 10963K, committed 11008K, reserved 1048576K
}

Deoptimization events (10 events):
Event: 561.554 Thread 0x0000000024a8f000 Uncommon trap: reason=unhandled action=none pc=0x00000000043b4210 method=java.net.URLClassLoader.findClass(Ljava/lang/String;)Ljava/lang/Class; @ 44
Event: 561.554 Thread 0x0000000024a8f000 Uncommon trap: reason=unhandled action=none pc=0x00000000043b4210 method=java.net.URLClassLoader.findClass(Ljava/lang/String;)Ljava/lang/Class; @ 44
Event: 561.554 Thread 0x0000000024a8f000 Uncommon trap: reason=unhandled action=none pc=0x00000000043b4210 method=java.net.URLClassLoader.findClass(Ljava/lang/String;)Ljava/lang/Class; @ 44
Event: 634.069 Thread 0x0000000024a87800 Uncommon trap: reason=class_check action=maybe_recompile pc=0x00000000040ad260 method=java.util.HashMap.removeNode(ILjava/lang/Object;Ljava/lang/Object;ZZ)Ljava/util/HashMap$Node; @ 143
Event: 634.594 Thread 0x0000000024a8b000 Uncommon trap: reason=class_check action=maybe_recompile pc=0x00000000040ad260 method=java.util.HashMap.removeNode(ILjava/lang/Object;Ljava/lang/Object;ZZ)Ljava/util/HashMap$Node; @ 143
Event: 684.022 Thread 0x0000000024a8f000 Uncommon trap: reason=unhandled action=none pc=0x00000000043b4210 method=java.net.URLClassLoader.findClass(Ljava/lang/String;)Ljava/lang/Class; @ 44
Event: 684.022 Thread 0x0000000024a8f000 Uncommon trap: reason=unhandled action=none pc=0x00000000043b4210 method=java.net.URLClassLoader.findClass(Ljava/lang/String;)Ljava/lang/Class; @ 44
Event: 684.022 Thread 0x0000000024a8f000 Uncommon trap: reason=unhandled action=none pc=0x00000000043b4210 method=java.net.URLClassLoader.findClass(Ljava/lang/String;)Ljava/lang/Class; @ 44
Event: 684.023 Thread 0x0000000024a8f000 Uncommon trap: reason=unhandled action=none pc=0x00000000043b4210 method=java.net.URLClassLoader.findClass(Ljava/lang/String;)Ljava/lang/Class; @ 44
Event: 684.027 Thread 0x0000000024a8f000 Uncommon trap: reason=unhandled action=none pc=0x00000000043b4210 method=java.net.URLClassLoader.findClass(Ljava/lang/String;)Ljava/lang/Class; @ 44

Classes redefined (5 events):
Event: 102.921 Thread 0x0000000017777800 redefined class name=com.tranphucvinh.service.PostService, count=1
Event: 365.558 Thread 0x0000000017777800 redefined class name=com.tranphucvinh.config.ApiResponseFilter, count=1
Event: 417.972 Thread 0x0000000017777800 redefined class name=com.tranphucvinh.config.ApiResponseFilter, count=1
Event: 418.003 Thread 0x0000000017777800 redefined class name=com.tranphucvinh.config.ApiResponseFilter, count=2
Event: 565.131 Thread 0x0000000017777800 redefined class name=com.tranphucvinh.config.ApiResponseAdvisor, count=1

Internal exceptions (10 events):
Event: 561.286 Thread 0x0000000024a8f000 Exception <a 'java/lang/ArrayIndexOutOfBoundsException': 53> (0x00000000d96e3998) thrown at [C:\jenkins\workspace\8-2-build-windows-amd64-cygwin\jdk8u251\737\hotspot\src\share\vm\interpreter\interpreterRuntime.cpp, line 368]
Event: 561.288 Thread 0x0000000024a8f000 Exception <a 'java/lang/ArrayIndexOutOfBoundsException': 56> (0x00000000d9736270) thrown at [C:\jenkins\workspace\8-2-build-windows-amd64-cygwin\jdk8u251\737\hotspot\src\share\vm\interpreter\interpreterRuntime.cpp, line 368]
Event: 561.294 Thread 0x0000000024a8f000 Exception <a 'java/lang/ArrayIndexOutOfBoundsException': 54> (0x00000000d97fd248) thrown at [C:\jenkins\workspace\8-2-build-windows-amd64-cygwin\jdk8u251\737\hotspot\src\share\vm\interpreter\interpreterRuntime.cpp, line 368]
Event: 561.295 Thread 0x0000000024a8f000 Exception <a 'java/lang/ArrayIndexOutOfBoundsException': 53> (0x00000000d98003d8) thrown at [C:\jenkins\workspace\8-2-build-windows-amd64-cygwin\jdk8u251\737\hotspot\src\share\vm\interpreter\interpreterRuntime.cpp, line 368]
Event: 561.306 Thread 0x0000000024a8f000 Exception <a 'java/lang/ArrayIndexOutOfBoundsException': 54> (0x00000000d9908258) thrown at [C:\jenkins\workspace\8-2-build-windows-amd64-cygwin\jdk8u251\737\hotspot\src\share\vm\interpreter\interpreterRuntime.cpp, line 368]
Event: 561.306 Thread 0x0000000024a8f000 Exception <a 'java/lang/ArrayIndexOutOfBoundsException': 53> (0x00000000d9909db0) thrown at [C:\jenkins\workspace\8-2-build-windows-amd64-cygwin\jdk8u251\737\hotspot\src\share\vm\interpreter\interpreterRuntime.cpp, line 368]
Event: 561.307 Thread 0x0000000024a8f000 Exception <a 'java/lang/ArrayIndexOutOfBoundsException': 54> (0x00000000d9910e50) thrown at [C:\jenkins\workspace\8-2-build-windows-amd64-cygwin\jdk8u251\737\hotspot\src\share\vm\interpreter\interpreterRuntime.cpp, line 368]
Event: 561.307 Thread 0x0000000024a8f000 Exception <a 'java/lang/ArrayIndexOutOfBoundsException': 53> (0x00000000d99129a8) thrown at [C:\jenkins\workspace\8-2-build-windows-amd64-cygwin\jdk8u251\737\hotspot\src\share\vm\interpreter\interpreterRuntime.cpp, line 368]
Event: 684.004 Thread 0x0000000024a8f000 Exception <a 'java/lang/reflect/InvocationTargetException'> (0x00000000e3647de0) thrown at [C:\jenkins\workspace\8-2-build-windows-amd64-cygwin\jdk8u251\737\hotspot\src\share\vm\runtime\reflection.cpp, line 1092]
Event: 684.024 Thread 0x000000001c9c3800 Exception <a 'java/lang/InterruptedException': sleep interrupted> (0x00000000e37be9e8) thrown at [C:\jenkins\workspace\8-2-build-windows-amd64-cygwin\jdk8u251\737\hotspot\src\share\vm\prims\jvm.cpp, line 3336]

Events (10 events):
Event: 684.023 Thread 0x0000000024a8f000 DEOPT UNPACKING pc=0x0000000002c9583b sp=0x000000001bc6b610 mode 2
Event: 684.024 Thread 0x000000001c9c3800 Thread exited: 0x000000001c9c3800
Event: 684.025 Thread 0x0000000019a24800 flushing nmethod 0x0000000003a5b410
Event: 684.027 Thread 0x0000000024a8f000 Uncommon trap: trap_request=0xffffffa7 fr.pc=0x00000000043b4210
Event: 684.027 Thread 0x0000000024a8f000 DEOPT PACKING pc=0x00000000043b4210 sp=0x000000001bc6dbc0
Event: 684.027 Thread 0x0000000024a8f000 DEOPT UNPACKING pc=0x0000000002c9583b sp=0x000000001bc6dad0 mode 2
Event: 684.028 Thread 0x000000001c9c2000 DEOPT PACKING pc=0x000000000452996c sp=0x0000000022eeedf0
Event: 684.028 Thread 0x000000001c9c2000 DEOPT UNPACKING pc=0x0000000002c97890 sp=0x0000000022eeeb50 mode 1
Event: 684.028 Thread 0x000000001c9c2000 DEOPT PACKING pc=0x0000000004533f3c sp=0x0000000022eeef00
Event: 684.028 Thread 0x000000001c9c2000 DEOPT UNPACKING pc=0x0000000002c97890 sp=0x0000000022eeece0 mode 1


Dynamic libraries:
0x00007ff758d90000 - 0x00007ff758dc7000 	C:\Program Files\Java\jre1.8.0_251\bin\javaw.exe
0x00007ffe396b0000 - 0x00007ffe398a6000 	C:\Windows\SYSTEM32\ntdll.dll
0x00007ffe38fe0000 - 0x00007ffe3909d000 	C:\Windows\System32\KERNEL32.DLL
0x00007ffe36fd0000 - 0x00007ffe37299000 	C:\Windows\System32\KERNELBASE.dll
0x00007ffe34730000 - 0x00007ffe347c0000 	C:\Windows\SYSTEM32\apphelp.dll
0x00007ffe38110000 - 0x00007ffe381bc000 	C:\Windows\System32\ADVAPI32.dll
0x00007ffe38e70000 - 0x00007ffe38f0e000 	C:\Windows\System32\msvcrt.dll
0x00007ffe38f10000 - 0x00007ffe38fac000 	C:\Windows\System32\sechost.dll
0x00007ffe37a00000 - 0x00007ffe37b2b000 	C:\Windows\System32\RPCRT4.dll
0x00007ffe37780000 - 0x00007ffe37920000 	C:\Windows\System32\USER32.dll
0x00007ffe37560000 - 0x00007ffe37582000 	C:\Windows\System32\win32u.dll
0x00007ffe380e0000 - 0x00007ffe3810a000 	C:\Windows\System32\GDI32.dll
0x00007ffe37450000 - 0x00007ffe37559000 	C:\Windows\System32\gdi32full.dll
0x00007ffe37590000 - 0x00007ffe3762d000 	C:\Windows\System32\msvcp_win.dll
0x00007ffe36ed0000 - 0x00007ffe36fd0000 	C:\Windows\System32\ucrtbase.dll
0x00007ffe287f0000 - 0x00007ffe28a8b000 	C:\Windows\WinSxS\amd64_microsoft.windows.common-controls_6595b64144ccf1df_6.0.19041.488_none_ca04af081b815d21\COMCTL32.dll
0x00007ffe38fb0000 - 0x00007ffe38fe0000 	C:\Windows\System32\IMM32.DLL
0x000000006a8e0000 - 0x000000006a9b2000 	C:\Program Files\Java\jre1.8.0_251\bin\msvcr100.dll
0x000000006a9c0000 - 0x000000006b26b000 	C:\Program Files\Java\jre1.8.0_251\bin\server\jvm.dll
0x00007ffe38e60000 - 0x00007ffe38e68000 	C:\Windows\System32\PSAPI.DLL
0x00007ffe14110000 - 0x00007ffe14119000 	C:\Windows\SYSTEM32\WSOCK32.dll
0x00007ffe1fd70000 - 0x00007ffe1fd97000 	C:\Windows\SYSTEM32\WINMM.dll
0x00007ffe391b0000 - 0x00007ffe3921b000 	C:\Windows\System32\WS2_32.dll
0x00007ffe318b0000 - 0x00007ffe318ba000 	C:\Windows\SYSTEM32\VERSION.dll
0x00007ffe140f0000 - 0x00007ffe140ff000 	C:\Program Files\Java\jre1.8.0_251\bin\verify.dll
0x00007ffde4a40000 - 0x00007ffde4a69000 	C:\Program Files\Java\jre1.8.0_251\bin\java.dll
0x00007ffe22bf0000 - 0x00007ffe22c25000 	C:\Program Files\Java\jre1.8.0_251\bin\jdwp.dll
0x00007ffe32d90000 - 0x00007ffe32d98000 	C:\Program Files\Java\jre1.8.0_251\bin\npt.dll
0x00007ffe14470000 - 0x00007ffe14493000 	C:\Program Files\Java\jre1.8.0_251\bin\instrument.dll
0x00007ffe12240000 - 0x00007ffe12256000 	C:\Program Files\Java\jre1.8.0_251\bin\zip.dll
0x00007ffe38710000 - 0x00007ffe38e52000 	C:\Windows\System32\SHELL32.dll
0x00007ffe34f20000 - 0x00007ffe356b5000 	C:\Windows\SYSTEM32\windows.storage.dll
0x00007ffe383b0000 - 0x00007ffe38706000 	C:\Windows\System32\combase.dll
0x00007ffe366c0000 - 0x00007ffe366ec000 	C:\Windows\SYSTEM32\Wldp.dll
0x00007ffe390a0000 - 0x00007ffe3914e000 	C:\Windows\System32\SHCORE.dll
0x00007ffe39150000 - 0x00007ffe391a5000 	C:\Windows\System32\shlwapi.dll
0x00007ffe36d20000 - 0x00007ffe36d46000 	C:\Windows\SYSTEM32\profapi.dll
0x00007ffe31e60000 - 0x00007ffe31e69000 	C:\Program Files\Java\jre1.8.0_251\bin\dt_socket.dll
0x00007ffe23000000 - 0x00007ffe23017000 	C:\Windows\system32\napinsp.dll
0x00007ffe22ea0000 - 0x00007ffe22ebb000 	C:\Windows\system32\pnrpnsp.dll
0x00007ffe31e40000 - 0x00007ffe31e55000 	C:\Windows\system32\wshbth.dll
0x00007ffe32c10000 - 0x00007ffe32c2d000 	C:\Windows\system32\NLAapi.dll
0x00007ffe361c0000 - 0x00007ffe361fb000 	C:\Windows\SYSTEM32\IPHLPAPI.DLL
0x00007ffe364b0000 - 0x00007ffe3651a000 	C:\Windows\System32\mswsock.dll
0x00007ffe36200000 - 0x00007ffe362cb000 	C:\Windows\SYSTEM32\DNSAPI.dll
0x00007ffe37710000 - 0x00007ffe37718000 	C:\Windows\System32\NSI.dll
0x00007ffe28f40000 - 0x00007ffe28f52000 	C:\Windows\System32\winrnr.dll
0x00007ffe2d4a0000 - 0x00007ffe2d51f000 	C:\Windows\System32\fwpuclnt.dll
0x00007ffe376e0000 - 0x00007ffe37707000 	C:\Windows\System32\bcrypt.dll
0x00007ffe30780000 - 0x00007ffe3078a000 	C:\Windows\System32\rasadhlp.dll
0x00007ffdea7a0000 - 0x00007ffdea7ad000 	C:\Program Files\Java\jre1.8.0_251\bin\management.dll
0x00007ffde4a20000 - 0x00007ffde4a3a000 	C:\Program Files\Java\jre1.8.0_251\bin\net.dll
0x00007ffde49a0000 - 0x00007ffde49b2000 	C:\Program Files\Java\jre1.8.0_251\bin\nio.dll
0x00007ffe36700000 - 0x00007ffe36718000 	C:\Windows\SYSTEM32\CRYPTSP.dll
0x00007ffe35e60000 - 0x00007ffe35e94000 	C:\Windows\system32\rsaenh.dll
0x00007ffe36ce0000 - 0x00007ffe36d0e000 	C:\Windows\SYSTEM32\USERENV.dll
0x00007ffe36df0000 - 0x00007ffe36e70000 	C:\Windows\System32\bcryptprimitives.dll
0x00007ffe36630000 - 0x00007ffe3663c000 	C:\Windows\SYSTEM32\CRYPTBASE.dll
0x00007ffe30790000 - 0x00007ffe307a7000 	C:\Windows\SYSTEM32\dhcpcsvc6.DLL
0x00007ffe30760000 - 0x00007ffe3077d000 	C:\Windows\SYSTEM32\dhcpcsvc.DLL
0x00007ffde5c60000 - 0x00007ffde5dfa000 	C:\Program Files\Java\jre1.8.0_251\bin\awt.dll
0x00007ffe39310000 - 0x00007ffe393dd000 	C:\Windows\System32\OLEAUT32.dll
0x00007ffe228d0000 - 0x00007ffe22ab4000 	C:\Windows\SYSTEM32\dbghelp.dll

VM Arguments:
jvm_args: -agentlib:jdwp=transport=dt_socket,suspend=y,address=localhost:58106 -javaagent:D:\env\eclipse\jee-2020-06\eclipse\configuration\org.eclipse.osgi\413\0\.cp\lib\javaagent-shaded.jar -Dfile.encoding=UTF-8 
java_command: com.tranphucvinh.LifeStoriesApplication
java_class_path (initial): D:\projects\eclipse-workspace\life-stories\target\classes;C:\Users\ADMIN\.m2\repository\org\springframework\boot\spring-boot-starter-data-jpa\2.3.0.RELEASE\spring-boot-starter-data-jpa-2.3.0.RELEASE.jar;C:\Users\ADMIN\.m2\repository\org\springframework\boot\spring-boot-starter-aop\2.3.0.RELEASE\spring-boot-starter-aop-2.3.0.RELEASE.jar;C:\Users\ADMIN\.m2\repository\org\aspectj\aspectjweaver\1.9.5\aspectjweaver-1.9.5.jar;C:\Users\ADMIN\.m2\repository\org\springframework\boot\spring-boot-starter-jdbc\2.3.0.RELEASE\spring-boot-starter-jdbc-2.3.0.RELEASE.jar;C:\Users\ADMIN\.m2\repository\com\zaxxer\HikariCP\3.4.5\HikariCP-3.4.5.jar;C:\Users\ADMIN\.m2\repository\org\springframework\spring-jdbc\5.2.6.RELEASE\spring-jdbc-5.2.6.RELEASE.jar;C:\Users\ADMIN\.m2\repository\jakarta\transaction\jakarta.transaction-api\1.3.3\jakarta.transaction-api-1.3.3.jar;C:\Users\ADMIN\.m2\repository\jakarta\persistence\jakarta.persistence-api\2.2.3\jakarta.persistence-api-2.2.3.jar;C:\Users\ADMIN\.m2\repository\org\hibernate\hibernate-core\5.4.15.Final\hibernate-core-5.4.15.Final.jar;C:\Users\ADMIN\.m2\repository\org\jboss\logging\jboss-logging\3.4.1.Final\jboss-logging-3.4.1.Final.jar;C:\Users\ADMIN\.m2\repository\org\javassist\javassist\3.24.0-GA\javassist-3.24.0-GA.jar;C:\Users\ADMIN\.m2\repository\net\bytebuddy\byte-buddy\1.10.10\byte-buddy-1.10.10.jar;C:\Users\ADMIN\.m2\repository\antlr\antlr\2.7.7\antlr-2.7.7.jar;C:\Users\ADMIN\.m2\repository\org\jboss\jandex\2.1.3.Final\jandex-2.1.3.Final.jar;C:\Users\ADMIN\.m2\repository\com\fasterxml\classmate\1.5.1\classmate-1.5.1.jar;C:\Users\ADMIN\.m2\repository\org\dom4j\dom4j\2.1.3\dom4j-2.1.3.jar;C:\Users\ADMIN\.m2\repository\org\hibernate\common\hibernate-commons-annotations\5.1.0.Final\hibernate-commons-annotations-5.1.0.Final.jar;C:\Users\ADMIN\.m2\repository\org\glassfish\jaxb\jaxb-runtime\2.3.3\jaxb-runtime-2.3.3.jar;C:\Users\ADMIN\.m2\repository\jakarta\xml\bind\jakarta.xml.bind-api\2.3.3\jakarta.xml.bind-api-
Launcher Type: SUN_STANDARD

Environment Variables:
JAVA_HOME=C:\Program Files\Java\jdk1.8.0_251
PATH=C:/Program Files/Java/jre1.8.0_251/bin/server;C:/Program Files/Java/jre1.8.0_251/bin;C:/Program Files/Java/jre1.8.0_251/lib/amd64;C:\Program Files (x86)\VMware\VMware Workstation\bin\;C:\Program Files (x86)\Common Files\Oracle\Java\javapath;C:\Windows\system32;C:\Windows;C:\Windows\System32\Wbem;C:\Windows\System32\WindowsPowerShell\v1.0\;C:\Windows\System32\OpenSSH\;C:\Program Files\Java\jdk1.8.0_251\bin;C:\Program Files\nodejs\;C:\Program Files (x86)\Bitvise SSH Client;C:\Program Files\Git\cmd;C:\Program Files\Progress\DataDirect\ODBC_80\drivers;C:\Program Files\Docker\Docker\resources\bin;C:\ProgramData\DockerDesktop\version-bin;C:\Users\ADMIN\AppData\Local\Microsoft\WindowsApps;C:\Users\ADMIN\AppData\Roaming\npm;C:\Users\ADMIN\AppData\Local\Programs\Microsoft VS Code\bin;C:\Program Files\Heroku\bin;C:\Users\ADMIN\Desktop;
USERNAME=ADMIN
OS=Windows_NT
PROCESSOR_IDENTIFIER=Intel64 Family 6 Model 158 Stepping 9, GenuineIntel



---------------  S Y S T E M  ---------------

OS: Windows 10.0 , 64 bit Build 19041 (10.0.19041.662)

CPU:total 4 (initial active 4) (4 cores per cpu, 1 threads per core) family 6 model 158 stepping 9, cmov, cx8, fxsr, mmx, sse, sse2, sse3, ssse3, sse4.1, sse4.2, popcnt, avx, avx2, aes, clmul, erms, 3dnowpref, lzcnt, tsc, tscinvbit, bmi1, bmi2, adx

Memory: 4k page, physical 8294964k(1247784k free), swap 19829300k(8762880k free)

vm_info: Java HotSpot(TM) 64-Bit Server VM (25.251-b08) for windows-amd64 JRE (1.8.0_251-b08), built on Mar 12 2020 06:31:49 by "" with MS VC++ 10.0 (VS2010)

time: Mon Dec 28 10:10:38 2020
timezone: SE Asia Standard Time
elapsed time: 684 seconds (0d 0h 11m 24s)

